app/build/intermediates/manifest_merge_blame_file/release/processReleaseMainManifest/manifest-merger-blame-release-report.txt
1<?xml version="1.0" encoding="utf-8"?>
2<!--
3    Copyright 2019 Google Inc. All Rights Reserved.
4
5     Licensed under the Apache License, Version 2.0 (the "License");
6     you may not use this file except in compliance with the License.
7     You may obtain a copy of the License at
8
9         http://www.apache.org/licenses/LICENSE-2.0
10
11     Unless required by applicable law or agreed to in writing, software
12     distributed under the License is distributed on an "AS IS" BASIS,
13     WITHOUT WARRANTIES OR CONDITIONS OF ANY KIND, either express or implied.
14     See the License for the specific language governing permissions and
15     limitations under the License.
16-->
17<!--
18 The "package" attribute is rewritten by the Gradle build with the value of applicationId.
19     It is still required here, as it is used to derive paths, for instance when referring
20     to an Activity by ".MyActivity" instead of the full name. If more Activities are added to the
21     application, the package attribute will need to reflect the correct path in order to use
22     the abbreviated format.
23-->
24<manifest xmlns:android="http://schemas.android.com/apk/res/android"
25    package="app.vercel.retina_app_five.twa"
26    android:versionCode="1"
27    android:versionName="1" >
28
29    <uses-sdk
30        android:minSdkVersion="21"
31        android:targetSdkVersion="35" />
32
33    <uses-permission android:name="android.permission.POST_NOTIFICATIONS" />
33-->src/main/AndroidManifest.xml:26:9-80
33-->src/main/AndroidManifest.xml:26:26-78
34
35    <queries>
35-->[com.google.androidbrowserhelper:androidbrowserhelper:2.6.2] AndroidManifest.xml:22:5-30:15
36        <intent>
36-->[com.google.androidbrowserhelper:androidbrowserhelper:2.6.2] AndroidManifest.xml:23:9-29:18
37            <action android:name="android.intent.action.VIEW" />
37-->src/main/AndroidManifest.xml:156:17-68
37-->src/main/AndroidManifest.xml:156:25-66
38
39            <category android:name="android.intent.category.BROWSABLE" />
39-->src/main/AndroidManifest.xml:158:17-77
39-->src/main/AndroidManifest.xml:158:27-75
40
41            <data android:scheme="https" />
41-->src/main/AndroidManifest.xml:159:17-162:19
41-->src/main/AndroidManifest.xml:159:23-45
42        </intent>
43    </queries>
44
45    <permission
45-->[androidx.core:core:1.13.0] AndroidManifest.xml:22:5-24:47
46        android:name="app.vercel.retina_app_five.twa.DYNAMIC_RECEIVER_NOT_EXPORTED_PERMISSION"
46-->[androidx.core:core:1.13.0] AndroidManifest.xml:23:9-81
47        android:protectionLevel="signature" />
47-->[androidx.core:core:1.13.0] AndroidManifest.xml:24:9-44
48
49    <uses-permission android:name="app.vercel.retina_app_five.twa.DYNAMIC_RECEIVER_NOT_EXPORTED_PERMISSION" />
49-->[androidx.core:core:1.13.0] AndroidManifest.xml:26:5-97
49-->[androidx.core:core:1.13.0] AndroidManifest.xml:26:22-94
50
51    <application
51-->src/main/AndroidManifest.xml:35:5-207:19
52        android:name="app.vercel.retina_app_five.twa.Application"
52-->src/main/AndroidManifest.xml:36:9-35
53        android:allowBackup="true"
53-->src/main/AndroidManifest.xml:37:9-35
54        android:appComponentFactory="androidx.core.app.CoreComponentFactory"
54-->[androidx.core:core:1.13.0] AndroidManifest.xml:28:18-86
55        android:extractNativeLibs="true"
56        android:icon="@mipmap/ic_launcher"
56-->src/main/AndroidManifest.xml:38:9-43
57        android:label="@string/appName"
57-->src/main/AndroidManifest.xml:39:9-40
58        android:manageSpaceActivity="com.google.androidbrowserhelper.trusted.ManageDataLauncherActivity"
58-->src/main/AndroidManifest.xml:41:9-105
59        android:supportsRtl="true"
59-->src/main/AndroidManifest.xml:43:9-35
60        android:theme="@android:style/Theme.Translucent.NoTitleBar" >
60-->src/main/AndroidManifest.xml:44:9-68
61        <meta-data
61-->src/main/AndroidManifest.xml:46:9-48:58
62            android:name="asset_statements"
62-->src/main/AndroidManifest.xml:47:13-44
63            android:resource="@string/assetStatements" />
63-->src/main/AndroidManifest.xml:48:13-55
64        <meta-data
64-->src/main/AndroidManifest.xml:51:13-53:58
65            android:name="web_manifest_url"
65-->src/main/AndroidManifest.xml:52:17-48
66            android:value="@string/webManifestUrl" />
66-->src/main/AndroidManifest.xml:53:17-55
67        <meta-data
67-->src/main/AndroidManifest.xml:56:9-58:52
68            android:name="twa_generator"
68-->src/main/AndroidManifest.xml:57:13-41
69            android:value="@string/generatorApp" />
69-->src/main/AndroidManifest.xml:58:13-49
70
71        <activity
71-->src/main/AndroidManifest.xml:65:13-76:24
72            android:name="com.google.androidbrowserhelper.trusted.ManageDataLauncherActivity"
72-->src/main/AndroidManifest.xml:65:23-104
73            android:enabled="true"
73-->src/main/AndroidManifest.xml:67:17-39
74            android:excludeFromRecents="true"
74-->src/main/AndroidManifest.xml:68:17-50
75            android:exported="false" >
75-->src/main/AndroidManifest.xml:66:17-41
76            <meta-data
76-->src/main/AndroidManifest.xml:69:17-71:57
77                android:name="android.support.customtabs.trusted.MANAGE_SPACE_URL"
77-->src/main/AndroidManifest.xml:70:21-87
78                android:value="@string/launchUrl" />
78-->src/main/AndroidManifest.xml:71:21-54
79
80            <intent-filter>
80-->src/main/AndroidManifest.xml:72:17-75:33
81                <action android:name="android.intent.action.APPLICATION_PREFERENCES" />
81-->src/main/AndroidManifest.xml:73:21-92
81-->src/main/AndroidManifest.xml:73:29-89
82
83                <category android:name="android.intent.category.DEFAULT" />
83-->src/main/AndroidManifest.xml:74:21-80
83-->src/main/AndroidManifest.xml:74:31-77
84            </intent-filter>
85        </activity>
86        <activity
86-->src/main/AndroidManifest.xml:79:9-168:20
87            android:name="app.vercel.retina_app_five.twa.LauncherActivity"
87-->src/main/AndroidManifest.xml:79:19-50
88            android:alwaysRetainTaskState="true"
88-->src/main/AndroidManifest.xml:80:13-49
89            android:exported="true"
89-->src/main/AndroidManifest.xml:82:13-36
90            android:label="@string/launcherName" >
90-->src/main/AndroidManifest.xml:81:13-49
91            <meta-data
91-->src/main/AndroidManifest.xml:83:13-84:53
92                android:name="android.support.customtabs.trusted.DEFAULT_URL"
92-->src/main/AndroidManifest.xml:83:24-85
93                android:value="@string/launchUrl" />
93-->src/main/AndroidManifest.xml:84:17-50
94            <meta-data
94-->src/main/AndroidManifest.xml:86:13-88:58
95                android:name="android.support.customtabs.trusted.STATUS_BAR_COLOR"
95-->src/main/AndroidManifest.xml:87:17-83
96                android:resource="@color/colorPrimary" />
96-->src/main/AndroidManifest.xml:88:17-55
97            <meta-data
97-->src/main/AndroidManifest.xml:91:17-93:71
98                android:name="android.support.customtabs.trusted.LAUNCH_HANDLER_CLIENT_MODE"
98-->src/main/AndroidManifest.xml:92:21-97
99                android:value="@string/launchHandlerClientMode" />
99-->src/main/AndroidManifest.xml:93:21-68
100            <meta-data
100-->src/main/AndroidManifest.xml:96:13-98:62
101                android:name="android.support.customtabs.trusted.STATUS_BAR_COLOR_DARK"
101-->src/main/AndroidManifest.xml:97:17-88
102                android:resource="@color/colorPrimaryDark" />
102-->src/main/AndroidManifest.xml:98:17-59
103            <meta-data
103-->src/main/AndroidManifest.xml:100:13-102:61
104                android:name="android.support.customtabs.trusted.NAVIGATION_BAR_COLOR"
104-->src/main/AndroidManifest.xml:101:17-87
105                android:resource="@color/navigationColor" />
105-->src/main/AndroidManifest.xml:102:17-58
106            <meta-data
106-->src/main/AndroidManifest.xml:104:13-106:65
107                android:name="android.support.customtabs.trusted.NAVIGATION_BAR_COLOR_DARK"
107-->src/main/AndroidManifest.xml:105:17-92
108                android:resource="@color/navigationColorDark" />
108-->src/main/AndroidManifest.xml:106:17-62
109            <meta-data
109-->src/main/AndroidManifest.xml:108:13-110:68
110                android:name="androix.browser.trusted.NAVIGATION_BAR_DIVIDER_COLOR"
110-->src/main/AndroidManifest.xml:109:17-84
111                android:resource="@color/navigationDividerColor" />
111-->src/main/AndroidManifest.xml:110:17-65
112            <meta-data
112-->src/main/AndroidManifest.xml:112:13-114:72
113                android:name="androix.browser.trusted.NAVIGATION_BAR_DIVIDER_COLOR_DARK"
113-->src/main/AndroidManifest.xml:113:17-89
114                android:resource="@color/navigationDividerColorDark" />
114-->src/main/AndroidManifest.xml:114:17-69
115            <meta-data
115-->src/main/AndroidManifest.xml:116:13-117:54
116                android:name="android.support.customtabs.trusted.SPLASH_IMAGE_DRAWABLE"
116-->src/main/AndroidManifest.xml:116:24-95
117                android:resource="@drawable/splash" />
117-->src/main/AndroidManifest.xml:117:17-52
118            <meta-data
118-->src/main/AndroidManifest.xml:119:13-120:60
119                android:name="android.support.customtabs.trusted.SPLASH_SCREEN_BACKGROUND_COLOR"
119-->src/main/AndroidManifest.xml:119:24-104
120                android:resource="@color/backgroundColor" />
120-->src/main/AndroidManifest.xml:120:17-58
121            <meta-data
121-->src/main/AndroidManifest.xml:122:13-123:71
122                android:name="android.support.customtabs.trusted.SPLASH_SCREEN_FADE_OUT_DURATION"
122-->src/main/AndroidManifest.xml:122:24-105
123                android:value="@integer/splashScreenFadeOutDuration" />
123-->src/main/AndroidManifest.xml:123:17-69
124            <meta-data
124-->src/main/AndroidManifest.xml:125:13-126:60
125                android:name="android.support.customtabs.trusted.FILE_PROVIDER_AUTHORITY"
125-->src/main/AndroidManifest.xml:125:24-97
126                android:value="@string/providerAuthority" />
126-->src/main/AndroidManifest.xml:126:17-58
127            <meta-data
127-->src/main/AndroidManifest.xml:128:13-97
128                android:name="android.app.shortcuts"
128-->src/main/AndroidManifest.xml:128:24-60
129                android:resource="@xml/shortcuts" />
129-->src/main/AndroidManifest.xml:128:61-94
130            <meta-data
130-->src/main/AndroidManifest.xml:130:13-131:56
131                android:name="android.support.customtabs.trusted.FALLBACK_STRATEGY"
131-->src/main/AndroidManifest.xml:130:24-91
132                android:value="@string/fallbackType" />
132-->src/main/AndroidManifest.xml:131:17-53
133            <meta-data
133-->src/main/AndroidManifest.xml:137:13-138:54
134                android:name="android.support.customtabs.trusted.SCREEN_ORIENTATION"
134-->src/main/AndroidManifest.xml:137:24-92
135                android:value="@string/orientation" />
135-->src/main/AndroidManifest.xml:138:17-52
136            <meta-data
136-->src/main/AndroidManifest.xml:143:17-145:66
137                android:name="android.support.customtabs.trusted.DISPLAY_OVERRIDE"
137-->src/main/AndroidManifest.xml:144:21-87
138                android:resource="@array/display_override" />
138-->src/main/AndroidManifest.xml:145:21-63
139
140            <intent-filter>
140-->src/main/AndroidManifest.xml:150:13-153:29
141                <action android:name="android.intent.action.MAIN" />
141-->src/main/AndroidManifest.xml:151:17-69
141-->src/main/AndroidManifest.xml:151:25-66
142
143                <category android:name="android.intent.category.LAUNCHER" />
143-->src/main/AndroidManifest.xml:152:17-77
143-->src/main/AndroidManifest.xml:152:27-74
144            </intent-filter>
145            <intent-filter android:autoVerify="true" >
145-->src/main/AndroidManifest.xml:155:13-163:29
145-->src/main/AndroidManifest.xml:155:28-53
146                <action android:name="android.intent.action.VIEW" />
146-->src/main/AndroidManifest.xml:156:17-68
146-->src/main/AndroidManifest.xml:156:25-66
147
148                <category android:name="android.intent.category.DEFAULT" />
148-->src/main/AndroidManifest.xml:74:21-80
148-->src/main/AndroidManifest.xml:74:31-77
149                <category android:name="android.intent.category.BROWSABLE" />
149-->src/main/AndroidManifest.xml:158:17-77
149-->src/main/AndroidManifest.xml:158:27-75
150
151                <data
151-->src/main/AndroidManifest.xml:159:17-162:19
152                    android:host="@string/hostName"
152-->src/main/AndroidManifest.xml:160:21-52
153                    android:scheme="https" />
153-->src/main/AndroidManifest.xml:159:23-45
154            </intent-filter>
155        </activity>
156        <activity android:name="com.google.androidbrowserhelper.trusted.FocusActivity" />
156-->src/main/AndroidManifest.xml:170:9-90
156-->src/main/AndroidManifest.xml:170:19-87
157        <activity
157-->src/main/AndroidManifest.xml:172:9-173:62
158            android:name="com.google.androidbrowserhelper.trusted.WebViewFallbackActivity"
158-->src/main/AndroidManifest.xml:172:19-97
159            android:configChanges="orientation|screenSize" />
159-->src/main/AndroidManifest.xml:173:13-59
160
161        <provider
161-->src/main/AndroidManifest.xml:175:9-183:20
162            android:name="androidx.core.content.FileProvider"
162-->src/main/AndroidManifest.xml:176:13-62
163            android:authorities="@string/providerAuthority"
163-->src/main/AndroidManifest.xml:177:13-60
164            android:exported="false"
164-->src/main/AndroidManifest.xml:179:13-37
165            android:grantUriPermissions="true" >
165-->src/main/AndroidManifest.xml:178:13-47
166            <meta-data
166-->src/main/AndroidManifest.xml:180:13-182:53
167                android:name="android.support.FILE_PROVIDER_PATHS"
167-->src/main/AndroidManifest.xml:181:17-67
168                android:resource="@xml/filepaths" />
168-->src/main/AndroidManifest.xml:182:17-50
169        </provider>
170
171        <service
171-->src/main/AndroidManifest.xml:185:9-200:19
172            android:name="app.vercel.retina_app_five.twa.DelegationService"
172-->src/main/AndroidManifest.xml:186:13-46
173            android:enabled="@bool/enableNotification"
173-->src/main/AndroidManifest.xml:187:13-55
174            android:exported="@bool/enableNotification" >
174-->src/main/AndroidManifest.xml:188:13-56
175            <meta-data
175-->src/main/AndroidManifest.xml:191:17-193:73
176                android:name="android.support.customtabs.trusted.SMALL_ICON"
176-->src/main/AndroidManifest.xml:192:21-81
177                android:resource="@drawable/ic_notification_icon" />
177-->src/main/AndroidManifest.xml:193:21-70
178
179            <intent-filter>
179-->src/main/AndroidManifest.xml:196:13-199:29
180                <action android:name="android.support.customtabs.trusted.TRUSTED_WEB_ACTIVITY_SERVICE" />
180-->src/main/AndroidManifest.xml:197:17-105
180-->src/main/AndroidManifest.xml:197:25-103
181
182                <category android:name="android.intent.category.DEFAULT" />
182-->src/main/AndroidManifest.xml:74:21-80
182-->src/main/AndroidManifest.xml:74:31-77
183            </intent-filter>
184        </service>
185
186        <activity android:name="com.google.androidbrowserhelper.trusted.NotificationPermissionRequestActivity" />
186-->src/main/AndroidManifest.xml:203:13-118
186-->src/main/AndroidManifest.xml:203:23-115
187
188        <provider
188-->[androidx.emoji2:emoji2:1.3.0] AndroidManifest.xml:24:9-32:20
189            android:name="androidx.startup.InitializationProvider"
189-->[androidx.emoji2:emoji2:1.3.0] AndroidManifest.xml:25:13-67
190            android:authorities="app.vercel.retina_app_five.twa.androidx-startup"
190-->[androidx.emoji2:emoji2:1.3.0] AndroidManifest.xml:26:13-68
191            android:exported="false" >
191-->[androidx.emoji2:emoji2:1.3.0] AndroidManifest.xml:27:13-37
192            <meta-data
192-->[androidx.emoji2:emoji2:1.3.0] AndroidManifest.xml:29:13-31:52
193                android:name="androidx.emoji2.text.EmojiCompatInitializer"
193-->[androidx.emoji2:emoji2:1.3.0] AndroidManifest.xml:30:17-75
194                android:value="androidx.startup" />
194-->[androidx.emoji2:emoji2:1.3.0] AndroidManifest.xml:31:17-49
195            <meta-data
195-->[androidx.lifecycle:lifecycle-process:2.6.2] AndroidManifest.xml:29:13-31:52
196                android:name="androidx.lifecycle.ProcessLifecycleInitializer"
196-->[androidx.lifecycle:lifecycle-process:2.6.2] AndroidManifest.xml:30:17-78
197                android:value="androidx.startup" />
197-->[androidx.lifecycle:lifecycle-process:2.6.2] AndroidManifest.xml:31:17-49
198            <meta-data
198-->[androidx.profileinstaller:profileinstaller:1.3.1] AndroidManifest.xml:29:13-31:52
199                android:name="androidx.profileinstaller.ProfileInstallerInitializer"
199-->[androidx.profileinstaller:profileinstaller:1.3.1] AndroidManifest.xml:30:17-85
200                android:value="androidx.startup" />
200-->[androidx.profileinstaller:profileinstaller:1.3.1] AndroidManifest.xml:31:17-49
201        </provider>
202
203        <receiver
203-->[androidx.profileinstaller:profileinstaller:1.3.1] AndroidManifest.xml:34:9-52:20
204            android:name="androidx.profileinstaller.ProfileInstallReceiver"
204-->[androidx.profileinstaller:profileinstaller:1.3.1] AndroidManifest.xml:35:13-76
205            android:directBootAware="false"
205-->[androidx.profileinstaller:profileinstaller:1.3.1] AndroidManifest.xml:36:13-44
206            android:enabled="true"
206-->[androidx.profileinstaller:profileinstaller:1.3.1] AndroidManifest.xml:37:13-35
207            android:exported="true"
207-->[androidx.profileinstaller:profileinstaller:1.3.1] AndroidManifest.xml:38:13-36
208            android:permission="android.permission.DUMP" >
208-->[androidx.profileinstaller:profileinstaller:1.3.1] AndroidManifest.xml:39:13-57
209            <intent-filter>
209-->[androidx.profileinstaller:profileinstaller:1.3.1] AndroidManifest.xml:40:13-42:29
210                <action android:name="androidx.profileinstaller.action.INSTALL_PROFILE" />
210-->[androidx.profileinstaller:profileinstaller:1.3.1] AndroidManifest.xml:41:17-91
210-->[androidx.profileinstaller:profileinstaller:1.3.1] AndroidManifest.xml:41:25-88
211            </intent-filter>
212            <intent-filter>
212-->[androidx.profileinstaller:profileinstaller:1.3.1] AndroidManifest.xml:43:13-45:29
213                <action android:name="androidx.profileinstaller.action.SKIP_FILE" />
213-->[androidx.profileinstaller:profileinstaller:1.3.1] AndroidManifest.xml:44:17-85
213-->[androidx.profileinstaller:profileinstaller:1.3.1] AndroidManifest.xml:44:25-82
214            </intent-filter>
215            <intent-filter>
215-->[androidx.profileinstaller:profileinstaller:1.3.1] AndroidManifest.xml:46:13-48:29
216                <action android:name="androidx.profileinstaller.action.SAVE_PROFILE" />
216-->[androidx.profileinstaller:profileinstaller:1.3.1] AndroidManifest.xml:47:17-88
216-->[androidx.profileinstaller:profileinstaller:1.3.1] AndroidManifest.xml:47:25-85
217            </intent-filter>
218            <intent-filter>
218-->[androidx.profileinstaller:profileinstaller:1.3.1] AndroidManifest.xml:49:13-51:29
219                <action android:name="androidx.profileinstaller.action.BENCHMARK_OPERATION" />
219-->[androidx.profileinstaller:profileinstaller:1.3.1] AndroidManifest.xml:50:17-95
219-->[androidx.profileinstaller:profileinstaller:1.3.1] AndroidManifest.xml:50:25-92
220            </intent-filter>
221        </receiver>
222    </application>
223
224</manifest>